[4.086s] DEBUG:colcon:Command line arguments: ['/usr/bin/colcon', 'list', '-p', '--base-paths', '/home/deku/ross_ws']
[4.088s] DEBUG:colcon:Parsed command line arguments: Namespace(allow_overriding=[], base_paths=['/home/deku/ross_ws'], build_base='build', ignore_user_meta=False, log_base=None, log_level=None, main=<bound method ListVerb.main of <colcon_package_information.verb.list.ListVerb object at 0x7f6a16694670>>, metas=['./colcon.meta'], names_only=False, packages_above=None, packages_above_and_dependencies=None, packages_above_depth=None, packages_end=None, packages_ignore=None, packages_ignore_regex=None, packages_select=None, packages_select_build_failed=False, packages_select_by_dep=None, packages_select_regex=None, packages_select_test_failures=False, packages_skip=None, packages_skip_build_finished=False, packages_skip_by_dep=None, packages_skip_regex=None, packages_skip_test_passed=False, packages_skip_up_to=None, packages_start=None, packages_up_to=None, packages_up_to_regex=None, paths=None, paths_only=True, topological_graph=False, topological_graph_density=False, topological_graph_dot=False, topological_graph_dot_cluster=False, topological_graph_dot_include_skipped=False, topological_graph_legend=False, topological_order=False, verb_extension=<colcon_package_information.verb.list.ListVerb object at 0x7f6a16694670>, verb_name='list', verb_parser=<colcon_defaults.argument_parser.defaults.DefaultArgumentsDecorator object at 0x7f6a1661a280>)
[4.863s] Level 1:colcon.colcon_core.package_discovery:discover_packages(colcon_meta) check parameters
[4.864s] Level 1:colcon.colcon_core.package_discovery:discover_packages(recursive) check parameters
[4.864s] Level 1:colcon.colcon_core.package_discovery:discover_packages(ignore) check parameters
[4.864s] Level 1:colcon.colcon_core.package_discovery:discover_packages(path) check parameters
[4.865s] Level 1:colcon.colcon_core.package_discovery:discover_packages(recursive) discover
[4.865s] INFO:colcon.colcon_core.package_discovery:Crawling recursively for packages in '/home/deku/ross_ws'
[4.865s] Level 1:colcon.colcon_core.package_identification:_identify(/home/deku/ross_ws) by extensions ['ignore', 'ignore_ament_install']
[4.866s] Level 1:colcon.colcon_core.package_identification:_identify(/home/deku/ross_ws) by extension 'ignore'
[4.866s] Level 1:colcon.colcon_core.package_identification:_identify(/home/deku/ross_ws) by extension 'ignore_ament_install'
[4.889s] Level 1:colcon.colcon_core.package_identification:_identify(/home/deku/ross_ws) by extensions ['colcon_pkg']
[4.889s] Level 1:colcon.colcon_core.package_identification:_identify(/home/deku/ross_ws) by extension 'colcon_pkg'
[4.890s] Level 1:colcon.colcon_core.package_identification:_identify(/home/deku/ross_ws) by extensions ['colcon_meta']
[4.890s] Level 1:colcon.colcon_core.package_identification:_identify(/home/deku/ross_ws) by extension 'colcon_meta'
[4.890s] Level 1:colcon.colcon_core.package_identification:_identify(/home/deku/ross_ws) by extensions ['ros']
[4.890s] Level 1:colcon.colcon_core.package_identification:_identify(/home/deku/ross_ws) by extension 'ros'
[4.998s] Level 1:colcon.colcon_core.package_identification:_identify(/home/deku/ross_ws) by extensions ['cmake', 'python']
[4.999s] Level 1:colcon.colcon_core.package_identification:_identify(/home/deku/ross_ws) by extension 'cmake'
[4.999s] Level 1:colcon.colcon_core.package_identification:_identify(/home/deku/ross_ws) by extension 'python'
[4.999s] Level 1:colcon.colcon_core.package_identification:_identify(/home/deku/ross_ws) by extensions ['python_setup_py']
[4.999s] Level 1:colcon.colcon_core.package_identification:_identify(/home/deku/ross_ws) by extension 'python_setup_py'
[5.000s] Level 1:colcon.colcon_core.package_identification:_identify(/home/deku/ross_ws/build) by extensions ['ignore', 'ignore_ament_install']
[5.000s] Level 1:colcon.colcon_core.package_identification:_identify(/home/deku/ross_ws/build) by extension 'ignore'
[5.000s] Level 1:colcon.colcon_core.package_identification:_identify(/home/deku/ross_ws/build) by extension 'ignore_ament_install'
[5.000s] Level 1:colcon.colcon_core.package_identification:_identify(/home/deku/ross_ws/build) by extensions ['colcon_pkg']
[5.000s] Level 1:colcon.colcon_core.package_identification:_identify(/home/deku/ross_ws/build) by extension 'colcon_pkg'
[5.000s] Level 1:colcon.colcon_core.package_identification:_identify(/home/deku/ross_ws/build) by extensions ['colcon_meta']
[5.001s] Level 1:colcon.colcon_core.package_identification:_identify(/home/deku/ross_ws/build) by extension 'colcon_meta'
[5.001s] Level 1:colcon.colcon_core.package_identification:_identify(/home/deku/ross_ws/build) by extensions ['ros']
[5.001s] Level 1:colcon.colcon_core.package_identification:_identify(/home/deku/ross_ws/build) by extension 'ros'
[5.001s] Level 1:colcon.colcon_core.package_identification:_identify(/home/deku/ross_ws/build) ignored
[5.001s] Level 1:colcon.colcon_core.package_identification:_identify(/home/deku/ross_ws/devel) by extensions ['ignore', 'ignore_ament_install']
[5.002s] Level 1:colcon.colcon_core.package_identification:_identify(/home/deku/ross_ws/devel) by extension 'ignore'
[5.002s] Level 1:colcon.colcon_core.package_identification:_identify(/home/deku/ross_ws/devel) by extension 'ignore_ament_install'
[5.020s] Level 1:colcon.colcon_core.package_identification:_identify(/home/deku/ross_ws/devel) ignored
[5.027s] Level 1:colcon.colcon_core.package_identification:_identify(/home/deku/ross_ws/log) by extensions ['ignore', 'ignore_ament_install']
[5.028s] Level 1:colcon.colcon_core.package_identification:_identify(/home/deku/ross_ws/log) by extension 'ignore'
[5.028s] Level 1:colcon.colcon_core.package_identification:_identify(/home/deku/ross_ws/log) ignored
[5.028s] Level 1:colcon.colcon_core.package_identification:_identify(/home/deku/ross_ws/src) by extensions ['ignore', 'ignore_ament_install']
[5.029s] Level 1:colcon.colcon_core.package_identification:_identify(/home/deku/ross_ws/src) by extension 'ignore'
[5.029s] Level 1:colcon.colcon_core.package_identification:_identify(/home/deku/ross_ws/src) by extension 'ignore_ament_install'
[5.029s] Level 1:colcon.colcon_core.package_identification:_identify(/home/deku/ross_ws/src) by extensions ['colcon_pkg']
[5.029s] Level 1:colcon.colcon_core.package_identification:_identify(/home/deku/ross_ws/src) by extension 'colcon_pkg'
[5.030s] Level 1:colcon.colcon_core.package_identification:_identify(/home/deku/ross_ws/src) by extensions ['colcon_meta']
[5.030s] Level 1:colcon.colcon_core.package_identification:_identify(/home/deku/ross_ws/src) by extension 'colcon_meta'
[5.030s] Level 1:colcon.colcon_core.package_identification:_identify(/home/deku/ross_ws/src) by extensions ['ros']
[5.030s] Level 1:colcon.colcon_core.package_identification:_identify(/home/deku/ross_ws/src) by extension 'ros'
[5.033s] Level 1:colcon.colcon_core.package_identification:_identify(/home/deku/ross_ws/src) by extensions ['cmake', 'python']
[5.033s] Level 1:colcon.colcon_core.package_identification:_identify(/home/deku/ross_ws/src) by extension 'cmake'
[5.060s] WARNING:colcon.colcon_cmake.package_identification.cmake:Ignoring '/home/deku/ross_ws/src/CMakeLists.txt' since it seems to be a toplevel CMake file generated by 'catkin_make'
[5.060s] Level 1:colcon.colcon_core.package_identification:_identify(/home/deku/ross_ws/src) by extension 'python'
[5.061s] Level 1:colcon.colcon_core.package_identification:_identify(/home/deku/ross_ws/src) by extensions ['python_setup_py']
[5.061s] Level 1:colcon.colcon_core.package_identification:_identify(/home/deku/ross_ws/src) by extension 'python_setup_py'
[5.061s] Level 1:colcon.colcon_core.package_identification:_identify(/home/deku/ross_ws/src/ros_topics_services) by extensions ['ignore', 'ignore_ament_install']
[5.062s] Level 1:colcon.colcon_core.package_identification:_identify(/home/deku/ross_ws/src/ros_topics_services) by extension 'ignore'
[5.062s] Level 1:colcon.colcon_core.package_identification:_identify(/home/deku/ross_ws/src/ros_topics_services) by extension 'ignore_ament_install'
[5.068s] Level 1:colcon.colcon_core.package_identification:_identify(/home/deku/ross_ws/src/ros_topics_services) by extensions ['colcon_pkg']
[5.071s] Level 1:colcon.colcon_core.package_identification:_identify(/home/deku/ross_ws/src/ros_topics_services) by extension 'colcon_pkg'
[5.071s] Level 1:colcon.colcon_core.package_identification:_identify(/home/deku/ross_ws/src/ros_topics_services) by extensions ['colcon_meta']
[5.071s] Level 1:colcon.colcon_core.package_identification:_identify(/home/deku/ross_ws/src/ros_topics_services) by extension 'colcon_meta'
[5.072s] Level 1:colcon.colcon_core.package_identification:_identify(/home/deku/ross_ws/src/ros_topics_services) by extensions ['ros']
[5.072s] Level 1:colcon.colcon_core.package_identification:_identify(/home/deku/ross_ws/src/ros_topics_services) by extension 'ros'
[5.230s] DEBUG:colcon.colcon_core.package_identification:Package '/home/deku/ross_ws/src/ros_topics_services' with type 'ros.catkin' and name 'ros_topics_services'
[5.230s] Level 1:colcon.colcon_core.package_discovery:discover_packages(recursive) using defaults
